<?xml version="1.0" encoding="UTF-8"?>
<!-- Generated by org.testng.reporters.JUnitReportReporter -->
<testsuite skipped="0" hostname="DESKTOP-5BDCR5P" name="com.tutorialsninja.testsuite.myaccounts.MyAccountsTest" tests="4" failures="0" timestamp="2022-12-13T20:38:05 GMT" time="64.172" errors="0">
  <testcase name="verifyThatUserShouldLoginAndLogoutSuccessfully" time="4.821" classname="com.tutorialsninja.testsuite.myaccounts.MyAccountsTest"/>
  <system-out>
    <![CDATA[Clicking on my account [[ChromeDriver: chrome on WINDOWS (139672594381bb69e9c4f404ff1e9381)] -> xpath: //span[contains(text(),'My Account')]]
Enter emailprimetesting885@gmail.comto  field [[ChromeDriver: chrome on WINDOWS (139672594381bb69e9c4f404ff1e9381)] -> name: email]
Enter passwordPasswordnum1to field [[ChromeDriver: chrome on WINDOWS (139672594381bb69e9c4f404ff1e9381)] -> name: password]
Clicking on Login Button [[ChromeDriver: chrome on WINDOWS (139672594381bb69e9c4f404ff1e9381)] -> xpath: //input[@value='Login']]
Getting my account text [[ChromeDriver: chrome on WINDOWS (139672594381bb69e9c4f404ff1e9381)] -> xpath: //div[@id='content']/h2[text()='My Account']]
Clicking on my account Button [[ChromeDriver: chrome on WINDOWS (139672594381bb69e9c4f404ff1e9381)] -> xpath: //a[@title='My Account']]
Getting logout text [[ChromeDriver: chrome on WINDOWS (139672594381bb69e9c4f404ff1e9381)] -> xpath: //h1[contains(text(),'Account Logout')]]
Click to see screenshot
<a target = "_blank" href=C:\Users\krupa\IdeaProjects\com-tutorialsninja-pagefactorymodel/test-output/html/verifyThatUserShouldLoginAndLogoutSuccessfullyTue_Dec_13_20_37_28_GMT_2022.jpg>Screenshot</a>
<br>
<br>
<a target = "_blank" href=C:\Users\krupa\IdeaProjects\com-tutorialsninja-pagefactorymodel/test-output/html/verifyThatUserShouldLoginAndLogoutSuccessfullyTue_Dec_13_20_37_28_GMT_2022.jpg><img src=C:\Users\krupa\IdeaProjects\com-tutorialsninja-pagefactorymodel/test-output/html/verifyThatUserShouldLoginAndLogoutSuccessfullyTue_Dec_13_20_37_28_GMT_2022.jpg height=200 width=200></img></a>]]>
  </system-out>
  <testcase name="verifyUserShouldNavigateToLoginPageSuccessfully" time="4.652" classname="com.tutorialsninja.testsuite.myaccounts.MyAccountsTest"/>
  <system-out>
    <![CDATA[Clicking on my account [[ChromeDriver: chrome on WINDOWS (52fdeded1d23d76d18f90fc19da1a7b7)] -> xpath: //span[contains(text(),'My Account')]]
Getting login account text [[ChromeDriver: chrome on WINDOWS (52fdeded1d23d76d18f90fc19da1a7b7)] -> xpath: //h2[contains(text(),'Returning Customer')]]
Click to see screenshot
<a target = "_blank" href=C:\Users\krupa\IdeaProjects\com-tutorialsninja-pagefactorymodel/test-output/html/verifyUserShouldNavigateToLoginPageSuccessfullyTue_Dec_13_20_37_37_GMT_2022.jpg>Screenshot</a>
<br>
<br>
<a target = "_blank" href=C:\Users\krupa\IdeaProjects\com-tutorialsninja-pagefactorymodel/test-output/html/verifyUserShouldNavigateToLoginPageSuccessfullyTue_Dec_13_20_37_37_GMT_2022.jpg><img src=C:\Users\krupa\IdeaProjects\com-tutorialsninja-pagefactorymodel/test-output/html/verifyUserShouldNavigateToLoginPageSuccessfullyTue_Dec_13_20_37_37_GMT_2022.jpg height=200 width=200></img></a>]]>
  </system-out>
  <testcase name="verifyThatUserRegisterAccountSuccessfully" time="29.838" classname="com.tutorialsninja.testsuite.myaccounts.MyAccountsTest"/>
  <system-out>
    <![CDATA[Clicking on my account [[ChromeDriver: chrome on WINDOWS (a2fbfe9ea7d195a14ce2f28687285311)] -> xpath: //span[contains(text(),'My Account')]]
Enter first namePrimeto field [[ChromeDriver: chrome on WINDOWS (a2fbfe9ea7d195a14ce2f28687285311)] -> name: firstname]
Enter last nameTestingto field [[ChromeDriver: chrome on WINDOWS (a2fbfe9ea7d195a14ce2f28687285311)] -> name: lastname]
Enter emailprimeto email field [[ChromeDriver: chrome on WINDOWS (a2fbfe9ea7d195a14ce2f28687285311)] -> name: email]
Enter telephone07612345678to field [[ChromeDriver: chrome on WINDOWS (a2fbfe9ea7d195a14ce2f28687285311)] -> name: telephone]
Enter passwordPasswordnum1to field [[ChromeDriver: chrome on WINDOWS (a2fbfe9ea7d195a14ce2f28687285311)] -> name: password]
Enter emailPasswordnum1to email field [[ChromeDriver: chrome on WINDOWS (a2fbfe9ea7d195a14ce2f28687285311)] -> name: confirm]
Clicking on subscribe [[ChromeDriver: chrome on WINDOWS (a2fbfe9ea7d195a14ce2f28687285311)] -> name: newsletter]
Clicking on privacy policy [[ChromeDriver: chrome on WINDOWS (a2fbfe9ea7d195a14ce2f28687285311)] -> name: agree]
Clicking on continue [[ChromeDriver: chrome on WINDOWS (a2fbfe9ea7d195a14ce2f28687285311)] -> xpath: //input[@type='submit']]
Getting account creation text [[ChromeDriver: chrome on WINDOWS (a2fbfe9ea7d195a14ce2f28687285311)] -> xpath: //div[@id='content']/h1]
Clicking on continue after account button [[ChromeDriver: chrome on WINDOWS (a2fbfe9ea7d195a14ce2f28687285311)] -> xpath: //a[text()='Continue']]
Clicking on my account Button [[ChromeDriver: chrome on WINDOWS (a2fbfe9ea7d195a14ce2f28687285311)] -> xpath: //a[@title='My Account']]
Getting logout text [[ChromeDriver: chrome on WINDOWS (a2fbfe9ea7d195a14ce2f28687285311)] -> xpath: //h1[contains(text(),'Account Logout')]]
Clicking on my continue after Button [[ChromeDriver: chrome on WINDOWS (a2fbfe9ea7d195a14ce2f28687285311)] -> xpath: //a[@class='btn btn-primary']]
Click to see screenshot
<a target = "_blank" href=C:\Users\krupa\IdeaProjects\com-tutorialsninja-pagefactorymodel/test-output/html/verifyThatUserRegisterAccountSuccessfullyTue_Dec_13_20_37_22_GMT_2022.jpg>Screenshot</a>
<br>
<br>
<a target = "_blank" href=C:\Users\krupa\IdeaProjects\com-tutorialsninja-pagefactorymodel/test-output/html/verifyThatUserRegisterAccountSuccessfullyTue_Dec_13_20_37_22_GMT_2022.jpg><img src=C:\Users\krupa\IdeaProjects\com-tutorialsninja-pagefactorymodel/test-output/html/verifyThatUserRegisterAccountSuccessfullyTue_Dec_13_20_37_22_GMT_2022.jpg height=200 width=200></img></a>]]>
  </system-out>
  <testcase name="verifyUserShouldNavigateToRegisterPageSuccessfully" time="24.861" classname="com.tutorialsninja.testsuite.myaccounts.MyAccountsTest"/>
  <system-out>
    <![CDATA[Clicking on my account [[ChromeDriver: chrome on WINDOWS (93586e8b5dde5108fb7a2967e41aa966)] -> xpath: //span[contains(text(),'My Account')]]
Getting register account text [[ChromeDriver: chrome on WINDOWS (93586e8b5dde5108fb7a2967e41aa966)] -> xpath: //h1[contains(text(),'Register Account')]]
Click to see screenshot
<a target = "_blank" href=C:\Users\krupa\IdeaProjects\com-tutorialsninja-pagefactorymodel/test-output/html/verifyUserShouldNavigateToRegisterPageSuccessfullyTue_Dec_13_20_38_04_GMT_2022.jpg>Screenshot</a>
<br>
<br>
<a target = "_blank" href=C:\Users\krupa\IdeaProjects\com-tutorialsninja-pagefactorymodel/test-output/html/verifyUserShouldNavigateToRegisterPageSuccessfullyTue_Dec_13_20_38_04_GMT_2022.jpg><img src=C:\Users\krupa\IdeaProjects\com-tutorialsninja-pagefactorymodel/test-output/html/verifyUserShouldNavigateToRegisterPageSuccessfullyTue_Dec_13_20_38_04_GMT_2022.jpg height=200 width=200></img></a>]]>
  </system-out>
</testsuite> <!-- com.tutorialsninja.testsuite.myaccounts.MyAccountsTest -->
