<?xml version="1.0" encoding="UTF-8"?>
<!-- Generated by org.testng.reporters.JUnitReportReporter -->
<testsuite skipped="0" hostname="DESKTOP-5BDCR5P" name="com.tutorialsninja.testsuite.homepage.TopMenuTest" tests="3" failures="0" timestamp="2022-12-13T20:38:05 GMT" time="12.404" errors="0">
  <testcase name="verifyUserShouldNavigateToComponentsPageSuccessfully" time="4.356" classname="com.tutorialsninja.testsuite.homepage.TopMenuTest"/>
  <system-out>
    <![CDATA[Hovering and Clicking on components [[ChromeDriver: chrome on WINDOWS (a0ac047913a8dd445ba3dcaeed047b64)] -> link text: Components]
Getting components text [[ChromeDriver: chrome on WINDOWS (a0ac047913a8dd445ba3dcaeed047b64)] -> xpath: //h2[contains(text(),'Components')]]
Click to see screenshot
<a target = "_blank" href=C:\Users\krupa\IdeaProjects\com-tutorialsninja-pagefactorymodel/test-output/html/verifyUserShouldNavigateToComponentsPageSuccessfullyTue_Dec_13_20_36_03_GMT_2022.jpg>Screenshot</a>
<br>
<br>
<a target = "_blank" href=C:\Users\krupa\IdeaProjects\com-tutorialsninja-pagefactorymodel/test-output/html/verifyUserShouldNavigateToComponentsPageSuccessfullyTue_Dec_13_20_36_03_GMT_2022.jpg><img src=C:\Users\krupa\IdeaProjects\com-tutorialsninja-pagefactorymodel/test-output/html/verifyUserShouldNavigateToComponentsPageSuccessfullyTue_Dec_13_20_36_03_GMT_2022.jpg height=200 width=200></img></a>]]>
  </system-out>
  <testcase name="verifyUserShouldNavigateToDesktopsPageSuccessfully" time="3.798" classname="com.tutorialsninja.testsuite.homepage.TopMenuTest"/>
  <system-out>
    <![CDATA[Hovering and Clicking on desktop [[ChromeDriver: chrome on WINDOWS (e0374427545a41b96599374f7b435381)] -> link text: Desktops]
Getting desktop text [[ChromeDriver: chrome on WINDOWS (e0374427545a41b96599374f7b435381)] -> xpath: //h2[contains(text(),'Desktops')]]
Click to see screenshot
<a target = "_blank" href=C:\Users\krupa\IdeaProjects\com-tutorialsninja-pagefactorymodel/test-output/html/verifyUserShouldNavigateToDesktopsPageSuccessfullyTue_Dec_13_20_36_09_GMT_2022.jpg>Screenshot</a>
<br>
<br>
<a target = "_blank" href=C:\Users\krupa\IdeaProjects\com-tutorialsninja-pagefactorymodel/test-output/html/verifyUserShouldNavigateToDesktopsPageSuccessfullyTue_Dec_13_20_36_09_GMT_2022.jpg><img src=C:\Users\krupa\IdeaProjects\com-tutorialsninja-pagefactorymodel/test-output/html/verifyUserShouldNavigateToDesktopsPageSuccessfullyTue_Dec_13_20_36_09_GMT_2022.jpg height=200 width=200></img></a>]]>
  </system-out>
  <testcase name="verifyUserShouldNavigateToLaptopsAndNotebooksPageSuccessfully" time="4.250" classname="com.tutorialsninja.testsuite.homepage.TopMenuTest"/>
  <system-out>
    <![CDATA[Hovering and Clicking on laptops and notebooks [[ChromeDriver: chrome on WINDOWS (a2d0f40a21edc4f95af09180d7890dcb)] -> link text: Laptops & Notebooks]
Click to see screenshot
<a target = "_blank" href=C:\Users\krupa\IdeaProjects\com-tutorialsninja-pagefactorymodel/test-output/html/verifyUserShouldNavigateToLaptopsAndNotebooksPageSuccessfullyTue_Dec_13_20_36_17_GMT_2022.jpg>Screenshot</a>
<br>
<br>
<a target = "_blank" href=C:\Users\krupa\IdeaProjects\com-tutorialsninja-pagefactorymodel/test-output/html/verifyUserShouldNavigateToLaptopsAndNotebooksPageSuccessfullyTue_Dec_13_20_36_17_GMT_2022.jpg><img src=C:\Users\krupa\IdeaProjects\com-tutorialsninja-pagefactorymodel/test-output/html/verifyUserShouldNavigateToLaptopsAndNotebooksPageSuccessfullyTue_Dec_13_20_36_17_GMT_2022.jpg height=200 width=200></img></a>]]>
  </system-out>
</testsuite> <!-- com.tutorialsninja.testsuite.homepage.TopMenuTest -->
