<?xml version="1.0" encoding="UTF-8"?>
<!-- Generated by org.testng.reporters.JUnitReportReporter -->
<testsuite skipped="0" hostname="DESKTOP-5BDCR5P" name="com.tutorialsninja.testsuite.laptopsandnotebooks.LaptopsAndNotebooksTest" tests="2" failures="0" timestamp="2022-12-13T20:38:05 GMT" time="32.895" errors="0">
  <testcase name="verifyProductsPriceDisplayHighToLowSuccessfully" time="5.585" classname="com.tutorialsninja.testsuite.laptopsandnotebooks.LaptopsAndNotebooksTest"/>
  <system-out>
    <![CDATA[Hovering and Clicking on laptops and notebooks [[ChromeDriver: chrome on WINDOWS (251ffba1848e4b7065d4d2515f3b6a31)] -> link text: Laptops & Notebooks]
selecting Price (High > Low)
Click to see screenshot
<a target = "_blank" href=C:\Users\krupa\IdeaProjects\com-tutorialsninja-pagefactorymodel/test-output/html/verifyProductsPriceDisplayHighToLowSuccessfullyTue_Dec_13_20_36_27_GMT_2022.jpg>Screenshot</a>
<br>
<br>
<a target = "_blank" href=C:\Users\krupa\IdeaProjects\com-tutorialsninja-pagefactorymodel/test-output/html/verifyProductsPriceDisplayHighToLowSuccessfullyTue_Dec_13_20_36_27_GMT_2022.jpg><img src=C:\Users\krupa\IdeaProjects\com-tutorialsninja-pagefactorymodel/test-output/html/verifyProductsPriceDisplayHighToLowSuccessfullyTue_Dec_13_20_36_27_GMT_2022.jpg height=200 width=200></img></a>]]>
  </system-out>
  <testcase name="verifyThatUserPlaceOrderSuccessfully" time="27.310" classname="com.tutorialsninja.testsuite.laptopsandnotebooks.LaptopsAndNotebooksTest"/>
  <system-out>
    <![CDATA[Hovering and Clicking on laptops and notebooks [[ChromeDriver: chrome on WINDOWS (6df67c3c11b65a28ff0e6f0f47990a87)] -> link text: Laptops & Notebooks]
selecting Price (High > Low)
Clicking on macbook [[ChromeDriver: chrome on WINDOWS (6df67c3c11b65a28ff0e6f0f47990a87)] -> link text: MacBook]
Getting macbook text [[ChromeDriver: chrome on WINDOWS (6df67c3c11b65a28ff0e6f0f47990a87)] -> xpath: //h1[contains(text(),'MacBook')]]
Clicking on add to cart Button [[ChromeDriver: chrome on WINDOWS (6df67c3c11b65a28ff0e6f0f47990a87)] -> xpath: //button[@id='button-cart']]
Verifying if success message contains Success: You have added MacBook to your shopping cart!
Clicking on shopping cart [[ChromeDriver: chrome on WINDOWS (6df67c3c11b65a28ff0e6f0f47990a87)] -> xpath: //div[@class='alert alert-success alert-dismissible']/a[2]]
Verifying if success message contains Shopping Cart
Verifying if success message contains Success: You have added HP LP3065 to your shopping cart!
Clicking on checkout Button [[ChromeDriver: chrome on WINDOWS (6df67c3c11b65a28ff0e6f0f47990a87)] -> css selector: a.btn.btn-primary]
Getting checkout text [[ChromeDriver: chrome on WINDOWS (6df67c3c11b65a28ff0e6f0f47990a87)] -> xpath: //h1[contains(text(),'Checkout')]]
Getting new customer text [[ChromeDriver: chrome on WINDOWS (6df67c3c11b65a28ff0e6f0f47990a87)] -> xpath: //h2[contains(text(),'New Customer')]]
Clicking on radio button [[ChromeDriver: chrome on WINDOWS (6df67c3c11b65a28ff0e6f0f47990a87)] -> xpath: //div[@id='checkout-checkout']//input[@value='guest']]
Clicking on continue button [[ChromeDriver: chrome on WINDOWS (6df67c3c11b65a28ff0e6f0f47990a87)] -> xpath: //input[@id='button-account']]
Enter namePriyato first name field [[ChromeDriver: chrome on WINDOWS (6df67c3c11b65a28ff0e6f0f47990a87)] -> id: input-payment-firstname]
Enter namePatelto last name field [[ChromeDriver: chrome on WINDOWS (6df67c3c11b65a28ff0e6f0f47990a87)] -> id: input-payment-lastname]
Enter emailpriyapatel@gmail.comto email field [[ChromeDriver: chrome on WINDOWS (6df67c3c11b65a28ff0e6f0f47990a87)] -> id: input-payment-email]
Enter telephone45678645786to field [[ChromeDriver: chrome on WINDOWS (6df67c3c11b65a28ff0e6f0f47990a87)] -> id: input-payment-telephone]
Enter address10 XYZ Roadto field [[ChromeDriver: chrome on WINDOWS (6df67c3c11b65a28ff0e6f0f47990a87)] -> id: input-payment-address-1]
Enter cityXYZto field [[ChromeDriver: chrome on WINDOWS (6df67c3c11b65a28ff0e6f0f47990a87)] -> id: input-payment-city]
Enter psotcodeAB59CDto field [[ChromeDriver: chrome on WINDOWS (6df67c3c11b65a28ff0e6f0f47990a87)] -> id: input-payment-postcode]
Enter countryUnited Statesto field [[ChromeDriver: chrome on WINDOWS (6df67c3c11b65a28ff0e6f0f47990a87)] -> id: input-payment-country]
Enter regionArizonato field [[ChromeDriver: chrome on WINDOWS (6df67c3c11b65a28ff0e6f0f47990a87)] -> id: input-payment-zone]
Clicking on radio button [[ChromeDriver: chrome on WINDOWS (6df67c3c11b65a28ff0e6f0f47990a87)] -> xpath: //div[@id='checkout-checkout']//input[@value='guest']]
Enter commentComment About Orderto field [[ChromeDriver: chrome on WINDOWS (6df67c3c11b65a28ff0e6f0f47990a87)] -> name: comment]
Clicking on terms and conditions box [[ChromeDriver: chrome on WINDOWS (6df67c3c11b65a28ff0e6f0f47990a87)] -> name: agree]
Clicking on radio button [[ChromeDriver: chrome on WINDOWS (6df67c3c11b65a28ff0e6f0f47990a87)] -> xpath: //div[@id='checkout-checkout']//input[@value='guest']]
Getting status of payment warning [[ChromeDriver: chrome on WINDOWS (6df67c3c11b65a28ff0e6f0f47990a87)] -> xpath: //div[@class='alert alert-danger alert-dismissible']]
Click to see screenshot
<a target = "_blank" href=C:\Users\krupa\IdeaProjects\com-tutorialsninja-pagefactorymodel/test-output/html/verifyThatUserPlaceOrderSuccessfullyTue_Dec_13_20_36_53_GMT_2022.jpg>Screenshot</a>
<br>
<br>
<a target = "_blank" href=C:\Users\krupa\IdeaProjects\com-tutorialsninja-pagefactorymodel/test-output/html/verifyThatUserPlaceOrderSuccessfullyTue_Dec_13_20_36_53_GMT_2022.jpg><img src=C:\Users\krupa\IdeaProjects\com-tutorialsninja-pagefactorymodel/test-output/html/verifyThatUserPlaceOrderSuccessfullyTue_Dec_13_20_36_53_GMT_2022.jpg height=200 width=200></img></a>]]>
  </system-out>
</testsuite> <!-- com.tutorialsninja.testsuite.laptopsandnotebooks.LaptopsAndNotebooksTest -->
